c:\users\luiz\43c098f2-gr61-repo\projekt\projekt sem 3 - symulator ruchu drogowego\projekt sem 3 - symulator ruchu drogowego\x64\debug\vc142.pdb
c:\users\luiz\43c098f2-gr61-repo\projekt\projekt sem 3 - symulator ruchu drogowego\projekt sem 3 - symulator ruchu drogowego\x64\debug\vc142.idb
c:\users\luiz\43c098f2-gr61-repo\projekt\projekt sem 3 - symulator ruchu drogowego\projekt sem 3 - symulator ruchu drogowego\x64\debug\textcontroll.obj
c:\users\luiz\43c098f2-gr61-repo\projekt\projekt sem 3 - symulator ruchu drogowego\projekt sem 3 - symulator ruchu drogowego\x64\debug\stats.obj
c:\users\luiz\43c098f2-gr61-repo\projekt\projekt sem 3 - symulator ruchu drogowego\projekt sem 3 - symulator ruchu drogowego\x64\debug\statschange.obj
c:\users\luiz\43c098f2-gr61-repo\projekt\projekt sem 3 - symulator ruchu drogowego\projekt sem 3 - symulator ruchu drogowego\x64\debug\startsettings.obj
c:\users\luiz\43c098f2-gr61-repo\projekt\projekt sem 3 - symulator ruchu drogowego\projekt sem 3 - symulator ruchu drogowego\x64\debug\simulation.obj
c:\users\luiz\43c098f2-gr61-repo\projekt\projekt sem 3 - symulator ruchu drogowego\projekt sem 3 - symulator ruchu drogowego\x64\debug\obiektgraficzny.obj
c:\users\luiz\43c098f2-gr61-repo\projekt\projekt sem 3 - symulator ruchu drogowego\projekt sem 3 - symulator ruchu drogowego\x64\debug\main.obj
c:\users\luiz\43c098f2-gr61-repo\projekt\projekt sem 3 - symulator ruchu drogowego\projekt sem 3 - symulator ruchu drogowego\x64\debug\program.obj
c:\users\luiz\43c098f2-gr61-repo\projekt\projekt sem 3 - symulator ruchu drogowego\projekt sem 3 - symulator ruchu drogowego\x64\debug\inputbox.obj
c:\users\luiz\43c098f2-gr61-repo\projekt\projekt sem 3 - symulator ruchu drogowego\projekt sem 3 - symulator ruchu drogowego\x64\debug\functions.obj
c:\users\luiz\43c098f2-gr61-repo\projekt\projekt sem 3 - symulator ruchu drogowego\projekt sem 3 - symulator ruchu drogowego\x64\debug\car.obj
c:\users\luiz\43c098f2-gr61-repo\projekt\projekt sem 3 - symulator ruchu drogowego\projekt sem 3 - symulator ruchu drogowego\x64\debug\canvas.obj
c:\users\luiz\43c098f2-gr61-repo\projekt\projekt sem 3 - symulator ruchu drogowego\projekt sem 3 - symulator ruchu drogowego\x64\debug\button.obj
c:\users\luiz\43c098f2-gr61-repo\projekt\projekt sem 3 - symulator ruchu drogowego\projekt sem 3 - symulator ruchu drogowego\x64\debug\infrastructure.obj
c:\users\luiz\43c098f2-gr61-repo\projekt\projekt sem 3 - symulator ruchu drogowego\projekt sem 3 - symulator ruchu drogowego\x64\debug\road.obj
c:\users\luiz\43c098f2-gr61-repo\projekt\projekt sem 3 - symulator ruchu drogowego\projekt sem 3 - symulator ruchu drogowego\x64\debug\crossroad.obj
c:\users\luiz\43c098f2-gr61-repo\projekt\projekt sem 3 - symulator ruchu drogowego\projekt sem 3 - symulator ruchu drogowego\x64\debug\twowaycrossroad.obj
c:\users\luiz\43c098f2-gr61-repo\projekt\projekt sem 3 - symulator ruchu drogowego\projekt sem 3 - symulator ruchu drogowego\x64\debug\threewaycrossroad.obj
c:\users\luiz\43c098f2-gr61-repo\projekt\projekt sem 3 - symulator ruchu drogowego\projekt sem 3 - symulator ruchu drogowego\x64\debug\map.obj
c:\users\luiz\43c098f2-gr61-repo\projekt\projekt sem 3 - symulator ruchu drogowego\projekt sem 3 - symulator ruchu drogowego\x64\debug\fourwaycrossroad.obj
c:\users\luiz\43c098f2-gr61-repo\projekt\projekt sem 3 - symulator ruchu drogowego\x64\debug\projekt sem 3 - symulator ruchu drogowego.exe
c:\users\luiz\43c098f2-gr61-repo\projekt\projekt sem 3 - symulator ruchu drogowego\x64\debug\projekt sem 3 - symulator ruchu drogowego.ilk
c:\users\luiz\43c098f2-gr61-repo\projekt\projekt sem 3 - symulator ruchu drogowego\x64\debug\projekt sem 3 - symulator ruchu drogowego.pdb
c:\users\luiz\43c098f2-gr61-repo\projekt\projekt sem 3 - symulator ruchu drogowego\projekt sem 3 - symulator ruchu drogowego\x64\debug\debug_new.obj
c:\users\luiz\43c098f2-gr61-repo\projekt\projekt sem 3 - symulator ruchu drogowego\projekt sem 3 - symulator ruchu drogowego\x64\debug\textbox.obj
c:\users\luiz\43c098f2-gr61-repo\projekt\projekt sem 3 - symulator ruchu drogowego\projekt sem 3 - symulator ruchu drogowego\x64\debug\vehicleupdate.obj
c:\users\luiz\43c098f2-gr61-repo\projekt\projekt sem 3 - symulator ruchu drogowego\projekt sem 3 - symulator ruchu drogowego\x64\debug\map.obj.enc
c:\users\luiz\43c098f2-gr61-repo\projekt\projekt sem 3 - symulator ruchu drogowego\projekt sem 3 - symulator ruchu drogowego\x64\debug\program.obj.enc
c:\users\luiz\43c098f2-gr61-repo\projekt\projekt sem 3 - symulator ruchu drogowego\projekt sem 3 - symulator ruchu drogowego\x64\debug\simulation.new.obj.enc
c:\users\luiz\43c098f2-gr61-repo\projekt\projekt sem 3 - symulator ruchu drogowego\projekt sem 3 - symulator ruchu drogowego\x64\debug\textbox.new.obj.enc
c:\users\luiz\43c098f2-gr61-repo\projekt\projekt sem 3 - symulator ruchu drogowego\projekt sem 3 - symulator ruchu drogowego\x64\debug\projekt .5deb93bd.tlog\cl.command.1.tlog
c:\users\luiz\43c098f2-gr61-repo\projekt\projekt sem 3 - symulator ruchu drogowego\projekt sem 3 - symulator ruchu drogowego\x64\debug\projekt .5deb93bd.tlog\cl.read.1.tlog
c:\users\luiz\43c098f2-gr61-repo\projekt\projekt sem 3 - symulator ruchu drogowego\projekt sem 3 - symulator ruchu drogowego\x64\debug\projekt .5deb93bd.tlog\cl.write.1.tlog
c:\users\luiz\43c098f2-gr61-repo\projekt\projekt sem 3 - symulator ruchu drogowego\projekt sem 3 - symulator ruchu drogowego\x64\debug\projekt .5deb93bd.tlog\link.command.1.tlog
c:\users\luiz\43c098f2-gr61-repo\projekt\projekt sem 3 - symulator ruchu drogowego\projekt sem 3 - symulator ruchu drogowego\x64\debug\projekt .5deb93bd.tlog\link.read.1.tlog
c:\users\luiz\43c098f2-gr61-repo\projekt\projekt sem 3 - symulator ruchu drogowego\projekt sem 3 - symulator ruchu drogowego\x64\debug\projekt .5deb93bd.tlog\link.write.1.tlog
c:\users\luiz\43c098f2-gr61-repo\projekt\projekt sem 3 - symulator ruchu drogowego\projekt sem 3 - symulator ruchu drogowego\x64\debug\projekt .5deb93bd.tlog\rc.command.1.tlog
c:\users\luiz\43c098f2-gr61-repo\projekt\projekt sem 3 - symulator ruchu drogowego\projekt sem 3 - symulator ruchu drogowego\x64\debug\projekt .5deb93bd.tlog\rc.read.1.tlog
c:\users\luiz\43c098f2-gr61-repo\projekt\projekt sem 3 - symulator ruchu drogowego\projekt sem 3 - symulator ruchu drogowego\x64\debug\projekt .5deb93bd.tlog\rc.write.1.tlog
